#
# There is insufficient memory for the Java Runtime Environment to continue.
# Native memory allocation (malloc) failed to allocate 295856 bytes for Chunk::new
# Possible reasons:
#   The system is out of physical RAM or swap space
#   In 32 bit mode, the process size limit was hit
# Possible solutions:
#   Reduce memory load on the system
#   Increase physical memory or swap space
#   Check if swap backing store is full
#   Use 64 bit Java on a 64 bit OS
#   Decrease Java heap size (-Xmx/-Xms)
#   Decrease number of Java threads
#   Decrease Java thread stack sizes (-Xss)
#   Set larger code cache with -XX:ReservedCodeCacheSize=
# This output file may be truncated or incomplete.
#
#  Out of Memory Error (allocation.cpp:390), pid=9936, tid=11700
#
# JRE version: Java(TM) SE Runtime Environment (8.0_60-b27) (build 1.8.0_60-b27)
# Java VM: Java HotSpot(TM) 64-Bit Server VM (25.60-b23 mixed mode windows-amd64 compressed oops)
# Failed to write core dump. Minidumps are not enabled by default on client versions of Windows
#

---------------  T H R E A D  ---------------

Current thread (0x0000000002eb5800):  JavaThread "main" [_thread_in_native, id=11700, stack(0x0000000002db0000,0x0000000002eb0000)]

Stack: [0x0000000002db0000,0x0000000002eb0000]
[error occurred during error reporting (printing stack bounds), id 0xc0000005]

Native frames: (J=compiled Java code, j=interpreted, Vv=VM code, C=native code)

Java frames: (J=compiled Java code, j=interpreted, Vv=VM code)
J 766  java.lang.Class.forName0(Ljava/lang/String;ZLjava/lang/ClassLoader;Ljava/lang/Class;)Ljava/lang/Class; (0 bytes) @ 0x00000000031dd9c7 [0x00000000031dd940+0x87]
J 748 C1 java.lang.Class.forName(Ljava/lang/String;ZLjava/lang/ClassLoader;)Ljava/lang/Class; (53 bytes) @ 0x00000000031d9934 [0x00000000031d9840+0xf4]
j  sun.nio.cs.AbstractCharsetProvider.lookup(Ljava/lang/String;)Ljava/nio/charset/Charset;+86
j  sun.nio.cs.AbstractCharsetProvider.access$000(Lsun/nio/cs/AbstractCharsetProvider;Ljava/lang/String;)Ljava/nio/charset/Charset;+2
j  sun.nio.cs.AbstractCharsetProvider$1.next()Ljava/nio/charset/Charset;+25
j  sun.nio.cs.AbstractCharsetProvider$1.next()Ljava/lang/Object;+1
j  java.nio.charset.Charset.put(Ljava/util/Iterator;Ljava/util/Map;)V+10
j  java.nio.charset.Charset.access$200(Ljava/util/Iterator;Ljava/util/Map;)V+2
j  java.nio.charset.Charset$3.run()Ljava/util/SortedMap;+34
j  java.nio.charset.Charset$3.run()Ljava/lang/Object;+1
v  ~StubRoutines::call_stub
J 373  java.security.AccessController.doPrivileged(Ljava/security/PrivilegedAction;)Ljava/lang/Object; (0 bytes) @ 0x0000000003140c52 [0x0000000003140c00+0x52]
j  java.nio.charset.Charset.availableCharsets()Ljava/util/SortedMap;+7
j  org.apache.tomcat.util.buf.B2CConverter.<clinit>()V+18
v  ~StubRoutines::call_stub
j  org.apache.catalina.connector.Connector.setURIEncoding(Ljava/lang/String;)V+2
j  org.springframework.boot.web.embedded.tomcat.TomcatServletWebServerFactory.customizeConnector(Lorg/apache/catalina/connector/Connector;)V+77
j  org.springframework.boot.web.embedded.tomcat.TomcatServletWebServerFactory.getWebServer([Lorg/springframework/boot/web/servlet/ServletContextInitializer;)Lorg/springframework/boot/web/server/WebServer;+64
j  org.springframework.boot.web.servlet.context.ServletWebServerApplicationContext.createWebServer()V+36
j  org.springframework.boot.web.servlet.context.ServletWebServerApplicationContext.onRefresh()V+5
j  org.springframework.context.support.AbstractApplicationContext.refresh()V+45
j  org.springframework.boot.web.servlet.context.ServletWebServerApplicationContext.refresh()V+1
j  org.springframework.boot.SpringApplication.refresh(Lorg/springframework/context/ApplicationContext;)V+10
j  org.springframework.boot.SpringApplication.refreshContext(Lorg/springframework/context/ConfigurableApplicationContext;)V+2
j  org.springframework.boot.SpringApplication.run([Ljava/lang/String;)Lorg/springframework/context/ConfigurableApplicationContext;+118
j  org.springframework.boot.SpringApplication.run([Ljava/lang/Class;[Ljava/lang/String;)Lorg/springframework/context/ConfigurableApplicationContext;+9
j  org.springframework.boot.SpringApplication.run(Ljava/lang/Class;[Ljava/lang/String;)Lorg/springframework/context/ConfigurableApplicationContext;+9
j  com.example.demo.SpringAppApplication.main([Ljava/lang/String;)V+3
v  ~StubRoutines::call_stub

---------------  P R O C E S S  ---------------

Java Threads: ( => current thread )
  0x000000001787f800 JavaThread "RMI TCP Accept-0" daemon [_thread_in_native, id=8952, stack(0x0000000018160000,0x0000000018260000)]
  0x00000000178e9800 JavaThread "RMI TCP Accept-4992" daemon [_thread_in_native, id=13884, stack(0x0000000018060000,0x0000000018160000)]
  0x00000000177ff800 JavaThread "RMI TCP Accept-0" daemon [_thread_in_native, id=11432, stack(0x0000000017f60000,0x0000000018060000)]
  0x0000000016f40800 JavaThread "Service Thread" daemon [_thread_blocked, id=8476, stack(0x0000000017320000,0x0000000017420000)]
  0x00000000155cc000 JavaThread "C1 CompilerThread2" daemon [_thread_blocked, id=16256, stack(0x0000000016e20000,0x0000000016f20000)]
  0x00000000155c7800 JavaThread "C2 CompilerThread1" daemon [_thread_blocked, id=1616, stack(0x0000000016d20000,0x0000000016e20000)]
  0x00000000155c2800 JavaThread "C2 CompilerThread0" daemon [_thread_blocked, id=16188, stack(0x0000000016c20000,0x0000000016d20000)]
  0x00000000155c0800 JavaThread "Attach Listener" daemon [_thread_blocked, id=952, stack(0x0000000016b20000,0x0000000016c20000)]
  0x00000000155bf800 JavaThread "Signal Dispatcher" daemon [_thread_blocked, id=10020, stack(0x0000000016a20000,0x0000000016b20000)]
  0x0000000002faa800 JavaThread "Finalizer" daemon [_thread_blocked, id=8304, stack(0x0000000016830000,0x0000000016930000)]
  0x0000000002fa2000 JavaThread "Reference Handler" daemon [_thread_blocked, id=9520, stack(0x0000000016730000,0x0000000016830000)]
=>0x0000000002eb5800 JavaThread "main" [_thread_in_native, id=11700, stack(0x0000000002db0000,0x0000000002eb0000)]

Other Threads:
  0x0000000015587800 VMThread [stack: 0x0000000016630000,0x0000000016730000] [id=12944]
  0x0000000017881800 WatcherThread [stack: 0x0000000018260000,0x0000000018360000] [id=16012]

VM state:not at safepoint (normal execution)

VM Mutex/Monitor currently owned by a thread: None

Heap:
 PSYoungGen      total 18944K, used 1371K [0x00000000eb180000, 0x00000000ec680000, 0x0000000100000000)
  eden space 16384K, 8% used [0x00000000eb180000,0x00000000eb2d6f30,0x00000000ec180000)
  from space 2560K, 0% used [0x00000000ec400000,0x00000000ec400000,0x00000000ec680000)
  to   space 2560K, 0% used [0x00000000ec180000,0x00000000ec180000,0x00000000ec400000)
 ParOldGen       total 30208K, used 11341K [0x00000000c1400000, 0x00000000c3180000, 0x00000000eb180000)
  object space 30208K, 37% used [0x00000000c1400000,0x00000000c1f13478,0x00000000c3180000)
 Metaspace       used 28088K, capacity 29393K, committed 29568K, reserved 1087488K
  class space    used 3811K, capacity 4088K, committed 4224K, reserved 1048576K

Card table byte_map: [0x0000000012370000,0x0000000012570000] byte_map_base: 0x0000000011d66000

Marking Bits: (ParMarkBitMap*) 0x000000005920a5b0
 Begin Bits: [0x0000000012ac0000, 0x0000000013a70000)
 End Bits:   [0x0000000013a70000, 0x0000000014a20000)

Polling page: 0x0000000002b70000

CodeCache: size=245760Kb used=5432Kb max_used=5432Kb free=240327Kb
 bounds [0x0000000002fb0000, 0x0000000003500000, 0x0000000011fb0000]
 total_blobs=2944 nmethods=2533 adapters=319
 compilation: enabled

Compilation events (10 events):
Event: 4.787 Thread 0x00000000155cc000 2588       1       java.lang.Class$MethodArray::compactAndTrim (69 bytes)
Event: 4.788 Thread 0x00000000155cc000 nmethod 2588 0x00000000034fd410 code [0x00000000034fd580, 0x00000000034fd828]
Event: 4.798 Thread 0x00000000155cc000 2589       1       java.util.TreeMap::rotateLeft (96 bytes)
Event: 4.798 Thread 0x00000000155cc000 nmethod 2589 0x00000000034fda50 code [0x00000000034fdba0, 0x00000000034fddd0]
Event: 4.798 Thread 0x00000000155cc000 2591       1       java.util.TreeMap::rotateRight (96 bytes)
Event: 4.799 Thread 0x00000000155cc000 nmethod 2591 0x00000000034fded0 code [0x00000000034fe020, 0x00000000034fe250]
Event: 4.799 Thread 0x00000000155cc000 2590       1       sun.nio.cs.AbstractCharsetProvider::put (20 bytes)
Event: 4.799 Thread 0x00000000155cc000 nmethod 2590 0x00000000034fe350 code [0x00000000034fe4c0, 0x00000000034fe638]
Event: 4.800 Thread 0x00000000155cc000 2592       1       java.nio.charset.Charset::checkName (165 bytes)
Event: 4.801 Thread 0x00000000155cc000 nmethod 2592 0x00000000034fe6d0 code [0x00000000034fe880, 0x00000000034febd8]

GC Heap History (10 events):
Event: 4.271 GC heap before
{Heap before GC invocations=32 (full 8):
 PSYoungGen      total 18944K, used 7731K [0x00000000eb180000, 0x00000000ec680000, 0x0000000100000000)
  eden space 16384K, 47% used [0x00000000eb180000,0x00000000eb90ccb0,0x00000000ec180000)
  from space 2560K, 0% used [0x00000000ec180000,0x00000000ec180000,0x00000000ec400000)
  to   space 2560K, 0% used [0x00000000ec400000,0x00000000ec400000,0x00000000ec680000)
 ParOldGen       total 30208K, used 9649K [0x00000000c1400000, 0x00000000c3180000, 0x00000000eb180000)
  object space 30208K, 31% used [0x00000000c1400000,0x00000000c1d6c7e8,0x00000000c3180000)
 Metaspace       used 26930K, capacity 27857K, committed 28032K, reserved 1083392K
  class space    used 3641K, capacity 3862K, committed 3968K, reserved 1048576K
Event: 4.273 GC heap after
Heap after GC invocations=32 (full 8):
 PSYoungGen      total 18944K, used 544K [0x00000000eb180000, 0x00000000ec680000, 0x0000000100000000)
  eden space 16384K, 0% used [0x00000000eb180000,0x00000000eb180000,0x00000000ec180000)
  from space 2560K, 21% used [0x00000000ec400000,0x00000000ec488000,0x00000000ec680000)
  to   space 2560K, 0% used [0x00000000ec180000,0x00000000ec180000,0x00000000ec400000)
 ParOldGen       total 30208K, used 9649K [0x00000000c1400000, 0x00000000c3180000, 0x00000000eb180000)
  object space 30208K, 31% used [0x00000000c1400000,0x00000000c1d6c7e8,0x00000000c3180000)
 Metaspace       used 26930K, capacity 27857K, committed 28032K, reserved 1083392K
  class space    used 3641K, capacity 3862K, committed 3968K, reserved 1048576K
}
Event: 4.273 GC heap before
{Heap before GC invocations=33 (full 9):
 PSYoungGen      total 18944K, used 544K [0x00000000eb180000, 0x00000000ec680000, 0x0000000100000000)
  eden space 16384K, 0% used [0x00000000eb180000,0x00000000eb180000,0x00000000ec180000)
  from space 2560K, 21% used [0x00000000ec400000,0x00000000ec488000,0x00000000ec680000)
  to   space 2560K, 0% used [0x00000000ec180000,0x00000000ec180000,0x00000000ec400000)
 ParOldGen       total 30208K, used 9649K [0x00000000c1400000, 0x00000000c3180000, 0x00000000eb180000)
  object space 30208K, 31% used [0x00000000c1400000,0x00000000c1d6c7e8,0x00000000c3180000)
 Metaspace       used 26930K, capacity 27857K, committed 28032K, reserved 1083392K
  class space    used 3641K, capacity 3862K, committed 3968K, reserved 1048576K
Event: 4.323 GC heap after
Heap after GC invocations=33 (full 9):
 PSYoungGen      total 18944K, used 0K [0x00000000eb180000, 0x00000000ec680000, 0x0000000100000000)
  eden space 16384K, 0% used [0x00000000eb180000,0x00000000eb180000,0x00000000ec180000)
  from space 2560K, 0% used [0x00000000ec400000,0x00000000ec400000,0x00000000ec680000)
  to   space 2560K, 0% used [0x00000000ec180000,0x00000000ec180000,0x00000000ec400000)
 ParOldGen       total 30208K, used 10058K [0x00000000c1400000, 0x00000000c3180000, 0x00000000eb180000)
  object space 30208K, 33% used [0x00000000c1400000,0x00000000c1dd2960,0x00000000c3180000)
 Metaspace       used 26930K, capacity 27857K, committed 28032K, reserved 1081344K
  class space    used 3641K, capacity 3862K, committed 3968K, reserved 1048576K
}
Event: 4.559 GC heap before
{Heap before GC invocations=34 (full 9):
 PSYoungGen      total 18944K, used 16384K [0x00000000eb180000, 0x00000000ec680000, 0x0000000100000000)
  eden space 16384K, 100% used [0x00000000eb180000,0x00000000ec180000,0x00000000ec180000)
  from space 2560K, 0% used [0x00000000ec400000,0x00000000ec400000,0x00000000ec680000)
  to   space 2560K, 0% used [0x00000000ec180000,0x00000000ec180000,0x00000000ec400000)
 ParOldGen       total 30208K, used 10058K [0x00000000c1400000, 0x00000000c3180000, 0x00000000eb180000)
  object space 30208K, 33% used [0x00000000c1400000,0x00000000c1dd2960,0x00000000c3180000)
 Metaspace       used 27457K, capacity 28811K, committed 28928K, reserved 1081344K
  class space    used 3742K, capacity 4023K, committed 4096K, reserved 1048576K
Event: 4.563 GC heap after
Heap after GC invocations=34 (full 9):
 PSYoungGen      total 18944K, used 1184K [0x00000000eb180000, 0x00000000ec680000, 0x0000000100000000)
  eden space 16384K, 0% used [0x00000000eb180000,0x00000000eb180000,0x00000000ec180000)
  from space 2560K, 46% used [0x00000000ec180000,0x00000000ec2a8000,0x00000000ec400000)
  to   space 2560K, 0% used [0x00000000ec400000,0x00000000ec400000,0x00000000ec680000)
 ParOldGen       total 30208K, used 10066K [0x00000000c1400000, 0x00000000c3180000, 0x00000000eb180000)
  object space 30208K, 33% used [0x00000000c1400000,0x00000000c1dd4960,0x00000000c3180000)
 Metaspace       used 27457K, capacity 28811K, committed 28928K, reserved 1081344K
  class space    used 3742K, capacity 4023K, committed 4096K, reserved 1048576K
}
Event: 4.625 GC heap before
{Heap before GC invocations=35 (full 9):
 PSYoungGen      total 18944K, used 5721K [0x00000000eb180000, 0x00000000ec680000, 0x0000000100000000)
  eden space 16384K, 27% used [0x00000000eb180000,0x00000000eb5ee530,0x00000000ec180000)
  from space 2560K, 46% used [0x00000000ec180000,0x00000000ec2a8000,0x00000000ec400000)
  to   space 2560K, 0% used [0x00000000ec400000,0x00000000ec400000,0x00000000ec680000)
 ParOldGen       total 30208K, used 10066K [0x00000000c1400000, 0x00000000c3180000, 0x00000000eb180000)
  object space 30208K, 33% used [0x00000000c1400000,0x00000000c1dd4960,0x00000000c3180000)
 Metaspace       used 27804K, capacity 29105K, committed 29312K, reserved 1087488K
  class space    used 3774K, capacity 4056K, committed 4224K, reserved 1048576K
Event: 4.628 GC heap after
Heap after GC invocations=35 (full 9):
 PSYoungGen      total 18944K, used 1582K [0x00000000eb180000, 0x00000000ec680000, 0x0000000100000000)
  eden space 16384K, 0% used [0x00000000eb180000,0x00000000eb180000,0x00000000ec180000)
  from space 2560K, 61% used [0x00000000ec400000,0x00000000ec58b850,0x00000000ec680000)
  to   space 2560K, 0% used [0x00000000ec180000,0x00000000ec180000,0x00000000ec400000)
 ParOldGen       total 30208K, used 10074K [0x00000000c1400000, 0x00000000c3180000, 0x00000000eb180000)
  object space 30208K, 33% used [0x00000000c1400000,0x00000000c1dd6960,0x00000000c3180000)
 Metaspace       used 27804K, capacity 29105K, committed 29312K, reserved 1087488K
  class space    used 3774K, capacity 4056K, committed 4224K, reserved 1048576K
}
Event: 4.628 GC heap before
{Heap before GC invocations=36 (full 10):
 PSYoungGen      total 18944K, used 1582K [0x00000000eb180000, 0x00000000ec680000, 0x0000000100000000)
  eden space 16384K, 0% used [0x00000000eb180000,0x00000000eb180000,0x00000000ec180000)
  from space 2560K, 61% used [0x00000000ec400000,0x00000000ec58b850,0x00000000ec680000)
  to   space 2560K, 0% used [0x00000000ec180000,0x00000000ec180000,0x00000000ec400000)
 ParOldGen       total 30208K, used 10074K [0x00000000c1400000, 0x00000000c3180000, 0x00000000eb180000)
  object space 30208K, 33% used [0x00000000c1400000,0x00000000c1dd6960,0x00000000c3180000)
 Metaspace       used 27804K, capacity 29105K, committed 29312K, reserved 1087488K
  class space    used 3774K, capacity 4056K, committed 4224K, reserved 1048576K
Event: 4.777 GC heap after
Heap after GC invocations=36 (full 10):
 PSYoungGen      total 18944K, used 0K [0x00000000eb180000, 0x00000000ec680000, 0x0000000100000000)
  eden space 16384K, 0% used [0x00000000eb180000,0x00000000eb180000,0x00000000ec180000)
  from space 2560K, 0% used [0x00000000ec400000,0x00000000ec400000,0x00000000ec680000)
  to   space 2560K, 0% used [0x00000000ec180000,0x00000000ec180000,0x00000000ec400000)
 ParOldGen       total 30208K, used 11341K [0x00000000c1400000, 0x00000000c3180000, 0x00000000eb180000)
  object space 30208K, 37% used [0x00000000c1400000,0x00000000c1f13478,0x00000000c3180000)
 Metaspace       used 27804K, capacity 29105K, committed 29312K, reserved 1085440K
  class space    used 3774K, capacity 4056K, committed 4224K, reserved 1048576K
}

Deoptimization events (0 events):
No events

Internal exceptions (10 events):
Event: 4.557 Thread 0x0000000002eb5800 Exception <a 'java/lang/ClassNotFoundException': org/springframework/boot/autoconfigure/web/servlet/error/ErrorMvcAutoConfigurationCustomizer> (0x00000000ec13cab8) thrown at [C:\re\workspace\8-2-build-windows-amd64-cygwin\jdk8u60\4407\hotspot\src\share\vm\
Event: 4.558 Thread 0x0000000002eb5800 Exception <a 'java/lang/ClassNotFoundException': org/springframework/boot/autoconfigure/web/servlet/error/ErrorMvcAutoConfiguration$$EnhancerBySpringCGLIB$$70290bb3Customizer> (0x00000000ec162030) thrown at [C:\re\workspace\8-2-build-windows-amd64-cygwin\j™ÃÆ¡È@@
Event: 4.563 Thread 0x0000000002eb5800 Exception <a 'java/lang/ClassNotFoundException': org/springframework/context/annotation/ConfigurationClassEnhancer$EnhancedConfigurationCustomizer> (0x00000000eb187788) thrown at [C:\re\workspace\8-2-build-windows-amd64-cygwin\jdk8u60\4407\hotspot\src\sharÄ¬m¹»A@
Event: 4.564 Thread 0x0000000002eb5800 Exception <a 'java/lang/ClassNotFoundException': org/springframework/beans/factory/BeanFactoryAwareCustomizer> (0x00000000eb19acf0) thrown at [C:\re\workspace\8-2-build-windows-amd64-cygwin\jdk8u60\4407\hotspot\src\share\vm\classfile\systemDictionary.cpp, 0ÆF}¯B@
Event: 4.565 Thread 0x0000000002eb5800 Exception <a 'java/lang/ClassNotFoundException': org/springframework/beans/factory/AwareCustomizer> (0x00000000eb1acea8) thrown at [C:\re\workspace\8-2-build-windows-amd64-cygwin\jdk8u60\4407\hotspot\src\share\vm\classfile\systemDictionary.cpp, line 210]
Event: 4.573 Thread 0x0000000002eb5800 Exception <a 'java/lang/ClassNotFoundException': java/lang/ObjectCustomizer> (0x00000000eb2322f8) thrown at [C:\re\workspace\8-2-build-windows-amd64-cygwin\jdk8u60\4407\hotspot\src\share\vm\classfile\systemDictionary.cpp, line 210]
Event: 4.573 Thread 0x0000000002eb5800 Exception <a 'java/lang/ArrayIndexOutOfBoundsException'> (0x00000000eb235458) thrown at [C:\re\workspace\8-2-build-windows-amd64-cygwin\jdk8u60\4407\hotspot\src\share\vm\runtime\sharedRuntime.cpp, line 605]
Event: 4.574 Thread 0x0000000002eb5800 Exception <a 'java/lang/ClassNotFoundException': org/springframework/boot/autoconfigure/web/servlet/error/ErrorMvcAutoConfiguration$ErrorPageCustomizerCustomizer> (0x00000000eb2552a0) thrown at [C:\re\workspace\8-2-build-windows-amd64-cygwin\jdk8u60\4407\h®SC½áL@
Event: 4.575 Thread 0x0000000002eb5800 Exception <a 'java/lang/ClassNotFoundException': org/springframework/boot/web/server/ErrorPageRegistrarCustomizer> (0x00000000eb26d810) thrown at [C:\re\workspace\8-2-build-windows-amd64-cygwin\jdk8u60\4407\hotspot\src\share\vm\classfile\systemDictionary.cUÌy-|M@
Event: 4.576 Thread 0x0000000002eb5800 Exception <a 'java/lang/ClassNotFoundException': org/springframework/core/OrderedCustomizer> (0x00000000eb27d1f0) thrown at [C:\re\workspace\8-2-build-windows-amd64-cygwin\jdk8u60\4407\hotspot\src\share\vm\classfile\systemDictionary.cpp, line 210]

Events (10 events):
Event: 4.799 loading class sun/nio/cs/AbstractCharsetProvider$1 done
Event: 4.800 loading class sun/nio/cs/ext/Big5
Event: 4.800 loading class sun/nio/cs/ext/Big5 done
Event: 4.800 loading class sun/nio/cs/ext/Big5_HKSCS
Event: 4.800 loading class sun/nio/cs/ext/Big5_HKSCS done
Event: 4.800 loading class sun/nio/cs/ext/EUC_JP
Event: 4.801 loading class sun/nio/cs/ext/EUC_JP done
Event: 4.801 loading class sun/nio/cs/ext/EUC_KR
Event: 4.801 loading class sun/nio/cs/ext/EUC_KR done
Event: 4.801 loading class sun/nio/cs/ext/GB18030


Dynamic libraries:
0x00007ff65e490000 - 0x00007ff65e4c7000 	C:\Program Files\Java\jdk1.8.0_60\bin\javaw.exe
0x00007ff892550000 - 0x00007ff892731000 	C:\WINDOWS\SYSTEM32\ntdll.dll
0x00007ff891270000 - 0x00007ff891322000 	C:\WINDOWS\System32\KERNEL32.DLL
0x00007ff88f740000 - 0x00007ff88f9b3000 	C:\WINDOWS\System32\KERNELBASE.dll
0x00007ff891fa0000 - 0x00007ff892041000 	C:\WINDOWS\System32\ADVAPI32.dll
0x00007ff8923b0000 - 0x00007ff89244e000 	C:\WINDOWS\System32\msvcrt.dll
0x00007ff891330000 - 0x00007ff89138b000 	C:\WINDOWS\System32\sechost.dll
0x00007ff891e50000 - 0x00007ff891f74000 	C:\WINDOWS\System32\RPCRT4.dll
0x00007ff892050000 - 0x00007ff8921e0000 	C:\WINDOWS\System32\USER32.dll
0x00007ff88f9c0000 - 0x00007ff88f9e0000 	C:\WINDOWS\System32\win32u.dll
0x00007ff891e20000 - 0x00007ff891e48000 	C:\WINDOWS\System32\GDI32.dll
0x00007ff88ede0000 - 0x00007ff88ef72000 	C:\WINDOWS\System32\gdi32full.dll
0x00007ff88eaf0000 - 0x00007ff88eb8f000 	C:\WINDOWS\System32\msvcp_win.dll
0x00007ff88e9a0000 - 0x00007ff88ea9a000 	C:\WINDOWS\System32\ucrtbase.dll
0x00007ff87c2f0000 - 0x00007ff87c559000 	C:\WINDOWS\WinSxS\amd64_microsoft.windows.common-controls_6595b64144ccf1df_6.0.17134.345_none_fb429a5930656358\COMCTL32.dll
0x00007ff8917e0000 - 0x00007ff891b03000 	C:\WINDOWS\System32\combase.dll
0x00007ff88e920000 - 0x00007ff88e99a000 	C:\WINDOWS\System32\bcryptPrimitives.dll
0x00007ff891c90000 - 0x00007ff891cbd000 	C:\WINDOWS\System32\IMM32.DLL
0x000000005a1d0000 - 0x000000005a2a2000 	C:\Program Files\Java\jdk1.8.0_60\jre\bin\msvcr100.dll
0x0000000058a00000 - 0x0000000059289000 	C:\Program Files\Java\jdk1.8.0_60\jre\bin\server\jvm.dll
0x00007ff891f90000 - 0x00007ff891f98000 	C:\WINDOWS\System32\PSAPI.DLL
0x00007ff87d8b0000 - 0x00007ff87d8b9000 	C:\WINDOWS\SYSTEM32\WSOCK32.dll
0x00007ff883de0000 - 0x00007ff883dea000 	C:\WINDOWS\SYSTEM32\VERSION.dll
0x00007ff891b10000 - 0x00007ff891b7c000 	C:\WINDOWS\System32\WS2_32.dll
0x00007ff88c1d0000 - 0x00007ff88c1f3000 	C:\WINDOWS\SYSTEM32\WINMM.dll
0x00007ff88c1a0000 - 0x00007ff88c1ca000 	C:\WINDOWS\SYSTEM32\WINMMBASE.dll
0x00007ff88eaa0000 - 0x00007ff88eae9000 	C:\WINDOWS\System32\cfgmgr32.dll
0x000000005a1c0000 - 0x000000005a1cf000 	C:\Program Files\Java\jdk1.8.0_60\jre\bin\verify.dll
0x000000005a190000 - 0x000000005a1b9000 	C:\Program Files\Java\jdk1.8.0_60\jre\bin\java.dll
0x0000000059c40000 - 0x0000000059c56000 	C:\Program Files\Java\jdk1.8.0_60\jre\bin\zip.dll
0x00007ff88f9e0000 - 0x00007ff890e1f000 	C:\WINDOWS\System32\SHELL32.dll
0x00007ff891b80000 - 0x00007ff891c29000 	C:\WINDOWS\System32\shcore.dll
0x00007ff88f030000 - 0x00007ff88f73d000 	C:\WINDOWS\System32\windows.storage.dll
0x00007ff892330000 - 0x00007ff892381000 	C:\WINDOWS\System32\shlwapi.dll
0x00007ff88e870000 - 0x00007ff88e881000 	C:\WINDOWS\System32\kernel.appcore.dll
0x00007ff88e8b0000 - 0x00007ff88e8cf000 	C:\WINDOWS\System32\profapi.dll
0x00007ff88e8d0000 - 0x00007ff88e91c000 	C:\WINDOWS\System32\powrprof.dll
0x00007ff88e860000 - 0x00007ff88e86a000 	C:\WINDOWS\System32\FLTLIB.DLL
0x000000005a180000 - 0x000000005a18d000 	C:\Program Files\Java\jdk1.8.0_60\jre\bin\management.dll
0x0000000059c20000 - 0x0000000059c3a000 	C:\Program Files\Java\jdk1.8.0_60\jre\bin\net.dll
0x00007ff88e0e0000 - 0x00007ff88e146000 	C:\WINDOWS\system32\mswsock.dll
0x0000000059c00000 - 0x0000000059c11000 	C:\Program Files\Java\jdk1.8.0_60\jre\bin\nio.dll
0x00007ff876010000 - 0x00007ff876026000 	C:\WINDOWS\system32\napinsp.dll
0x00007ff874520000 - 0x00007ff87453a000 	C:\WINDOWS\system32\pnrpnsp.dll
0x00007ff88add0000 - 0x00007ff88ade9000 	C:\WINDOWS\system32\NLAapi.dll
0x00007ff88dea0000 - 0x00007ff88df5e000 	C:\WINDOWS\SYSTEM32\DNSAPI.dll
0x00007ff891590000 - 0x00007ff891598000 	C:\WINDOWS\System32\NSI.dll
0x00007ff88de60000 - 0x00007ff88de98000 	C:\WINDOWS\SYSTEM32\IPHLPAPI.DLL
0x00007ff87a4e0000 - 0x00007ff87a4ee000 	C:\WINDOWS\System32\winrnr.dll
0x00007ff871df0000 - 0x00007ff871e05000 	C:\WINDOWS\System32\wshbth.dll
0x00007ff884d50000 - 0x00007ff884d5a000 	C:\Windows\System32\rasadhlp.dll
0x00007ff885020000 - 0x00007ff885092000 	C:\WINDOWS\System32\fwpuclnt.dll
0x00007ff88e3c0000 - 0x00007ff88e3e5000 	C:\WINDOWS\SYSTEM32\bcrypt.dll
0x00007ff88e290000 - 0x00007ff88e2a7000 	C:\WINDOWS\SYSTEM32\CRYPTSP.dll
0x00007ff88dcc0000 - 0x00007ff88dcf3000 	C:\WINDOWS\system32\rsaenh.dll
0x00007ff88e760000 - 0x00007ff88e788000 	C:\WINDOWS\SYSTEM32\USERENV.dll
0x00007ff88e2b0000 - 0x00007ff88e2bb000 	C:\WINDOWS\SYSTEM32\CRYPTBASE.dll
0x00007ff886a60000 - 0x00007ff886a76000 	C:\WINDOWS\SYSTEM32\dhcpcsvc6.DLL
0x00007ff886b10000 - 0x00007ff886b2a000 	C:\WINDOWS\SYSTEM32\dhcpcsvc.DLL

VM Arguments:
jvm_args: -Dcom.sun.management.jmxremote -Dcom.sun.management.jmxremote.port=4992 -Dcom.sun.management.jmxremote.authenticate=false -Dcom.sun.management.jmxremote.ssl=false -Djava.rmi.server.hostname=localhost -Dspring.liveBeansView.mbeanDomain -Dspring.application.admin.enabled=true -Xverify:none -XX:TieredStopAtLevel=1 -Dfile.encoding=UTF-8 -Xbootclasspath:C:\Program Files\Java\jdk1.8.0_60\jre\lib\resources.jar;C:\Program Files\Java\jdk1.8.0_60\jre\lib\rt.jar;C:\Program Files\Java\jdk1.8.0_60\jre\lib\jsse.jar;C:\Program Files\Java\jdk1.8.0_60\jre\lib\jce.jar;C:\Program Files\Java\jdk1.8.0_60\jre\lib\charsets.jar;C:\Program Files\Java\jdk1.8.0_60\jre\lib\jfr.jar;C:\Program Files\Java\jdk1.8.0_60\lib\tools.jar 
java_command: com.example.demo.SpringAppApplication --spring.output.ansi.enabled=always
java_class_path (initial): C:\Users\lenovo\Documents\workspace-sts-3.9.6.RELEASE\Spring-App\target\classes;C:\Users\lenovo\Downloads\google-collections-1.0.jar;C:\Users\lenovo\.m2\repository\org\springframework\boot\spring-boot-starter-data-jpa\2.1.0.RELEASE\spring-boot-starter-data-jpa-2.1.0.RELEASE.jar;C:\Users\lenovo\.m2\repository\org\springframework\boot\spring-boot-starter-aop\2.1.0.RELEASE\spring-boot-starter-aop-2.1.0.RELEASE.jar;C:\Users\lenovo\.m2\repository\org\springframework\spring-aop\5.1.2.RELEASE\spring-aop-5.1.2.RELEASE.jar;C:\Users\lenovo\.m2\repository\org\aspectj\aspectjweaver\1.9.2\aspectjweaver-1.9.2.jar;C:\Users\lenovo\.m2\repository\org\springframework\boot\spring-boot-starter-jdbc\2.1.0.RELEASE\spring-boot-starter-jdbc-2.1.0.RELEASE.jar;C:\Users\lenovo\.m2\repository\com\zaxxer\HikariCP\3.2.0\HikariCP-3.2.0.jar;C:\Users\lenovo\.m2\repository\org\springframework\spring-jdbc\5.1.2.RELEASE\spring-jdbc-5.1.2.RELEASE.jar;C:\Users\lenovo\.m2\repository\javax\transaction\javax.transaction-api\1.3\javax.transaction-api-1.3.jar;C:\Users\lenovo\.m2\repository\javax\xml\bind\jaxb-api\2.3.1\jaxb-api-2.3.1.jar;C:\Users\lenovo\.m2\repository\javax\activation\javax.activation-api\1.2.0\javax.activation-api-1.2.0.jar;C:\Users\lenovo\.m2\repository\org\hibernate\hibernate-core\5.3.7.Final\hibernate-core-5.3.7.Final.jar;C:\Users\lenovo\.m2\repository\org\jboss\logging\jboss-logging\3.3.2.Final\jboss-logging-3.3.2.Final.jar;C:\Users\lenovo\.m2\repository\javax\persistence\javax.persistence-api\2.2\javax.persistence-api-2.2.jar;C:\Users\lenovo\.m2\repository\org\javassist\javassist\3.23.1-GA\javassist-3.23.1-GA.jar;C:\Users\lenovo\.m2\repository\net\bytebuddy\byte-buddy\1.9.3\byte-buddy-1.9.3.jar;C:\Users\lenovo\.m2\repository\antlr\antlr\2.7.7\antlr-2.7.7.jar;C:\Users\lenovo\.m2\repository\org\jboss\jandex\2.0.5.Final\jandex-2.0.5.Final.jar;C:\Users\lenovo\.m2\repository\com\fasterxml\classmate\1.4.0\classmate-1.4.0.jar;C:\Users\lenovo\.m2\repository\org\dom
Launcher Type: SUN_STANDARD

Environment Variables:
JAVA_HOME=C:\Program Files\Java\jdk1.8.0_60
PATH=C:/Program Files/Java/jre1.8.0_60/bin/server;C:/Program Files/Java/jre1.8.0_60/bin;C:/Program Files/Java/jre1.8.0_60/lib/amd64;C:\oraclexe\app\oracle\product\10.2.0\server\bin;C:\ProgramData\Oracle\Java\javapath;C:\Program Files (x86)\Lenovo\FusionEngine;C:\WINDOWS\system32;C:\WINDOWS;C:\WINDOWS\System32\Wbem;C:\WINDOWS\System32\WindowsPowerShell\v1.0\;C:\Program Files (x86)\Common Files\lenovo\easyplussdk\bin;C:\Program Files\Intel\WiFi\bin\;C:\Program Files\Common Files\Intel\WirelessCommon\;C:\WINDOWS\System32\OpenSSH\;C:\Program Files\Java\jdk1.8.0_60\bin;C:\Users\lenovo\Downloads\apache-maven-3.6.0\bin;C:\Program Files\Git\bin\;C:\Program Files\Git\cmd\;C:\Users\lenovo\AppData\Local\Microsoft\WindowsApps;C:\Program Files\heroku\bin;D:\SOTWARES\sts-bundle\sts-3.9.6.RELEASE;
USERNAME=lenovo
OS=Windows_NT
PROCESSOR_IDENTIFIER=Intel64 Family 6 Model 61 Stepping 4, GenuineIntel



---------------  S Y S T E M  ---------------

OS: Windows 10.0 , 64 bit Build 17134 (10.0.17134.1)

CPU:total 4 (2 cores per cpu, 2 threads per core) family 6 model 61 stepping 4, cmov, cx8, fxsr, mmx, sse, sse2, sse3, ssse3, sse4.1, sse4.2, popcnt, avx, avx2, aes, clmul, erms, 3dnowpref, lzcnt, ht, tsc, tscinvbit, bmi1, bmi2, adx

Memory: 4k page, physical 4107344k(1084320k free), swap 16690256k(0k free)

vm_info: Java HotSpot(TM) 64-Bit Server VM (25.60-b23) for windows-amd64 JRE (1.8.0_60-b27), built on Aug  4 2015 11:06:27 by "java_re" with MS VC++ 10.0 (VS2010)

time: Mon Dec 03 11:03:07 2018
elapsed time: 4 seconds (0d 0h 0m 4s)

